#
# A fatal error has been detected by the Java Runtime Environment:
#
#  SIGFPE (0x8) at pc=0x000000011af96948, pid=3353, tid=9475
#
# JRE version: Java(TM) SE Runtime Environment (15.0.2+7) (build 15.0.2+7-27)
# Java VM: Java HotSpot(TM) 64-Bit Server VM (15.0.2+7-27, mixed mode, sharing, tiered, compressed oops, g1 gc, bsd-amd64)
# Problematic frame:
# j  Ex02_Exception.main([Ljava/lang/String;)V+19
#
# No core dump will be written. Core dumps have been disabled. To enable core dumping, try "ulimit -c unlimited" before starting Java again
#
# If you would like to submit a bug report, please visit:
#   https://bugreport.java.com/bugreport/crash.jsp
#

---------------  S U M M A R Y ------------

Command Line: -XX:+ShowCodeDetailsInExceptionMessages -agentlib:jdwp=transport=dt_socket,suspend=y,address=localhost:50479 -javaagent:/Users/joohyun/eclipse/java-2020-12/Eclipse.app/Contents/Eclipse/configuration/org.eclipse.osgi/213/0/.cp/lib/javaagent-shaded.jar -Dfile.encoding=UTF-8 Ex02_Exception

Host: MacBookPro17,1 x86_64 2400 MHz, 8 cores, 8G, Darwin 20.3.0
Time: Mon Feb  8 12:04:48 2021 KST elapsed time: 0.387433 seconds (0d 0h 0m 0s)

---------------  T H R E A D  ---------------

Current thread (0x00007f8c7d01a800):  JavaThread "main" [_thread_in_Java, id=9475, stack(0x000000030c529000,0x000000030c629000)]

Stack: [0x000000030c529000,0x000000030c629000],  sp=0x000000030c628ad8,  free space=1022k
Native frames: (J=compiled Java code, A=aot compiled Java code, j=interpreted, Vv=VM code, C=native code)
j  Ex02_Exception.main([Ljava/lang/String;)V+19
v  ~StubRoutines::call_stub
V  [libjvm.dylib+0x4adf62]  _ZN9JavaCalls11call_helperEP9JavaValueRK12methodHandleP17JavaCallArgumentsP6Thread+0x2e2
V  [libjvm.dylib+0x50e5f9]  _ZL17jni_invoke_staticP7JNIEnv_P9JavaValueP8_jobject11JNICallTypeP10_jmethodIDP18JNI_ArgumentPusherP6Thread+0x1f9
V  [libjvm.dylib+0x511b8a]  jni_CallStaticVoidMethod+0x18a
C  [libjli.dylib+0x4f3d]  JavaMain+0xc1d
C  [libjli.dylib+0x7659]  ThreadJavaMain+0x9
C  [libsystem_pthread.dylib+0x6950]  _pthread_start+0xe0
C  [libsystem_pthread.dylib+0x247b]  thread_start+0xf


siginfo: si_signo: 8 (SIGFPE), si_code: 5 (FPE_FLTINV), si_addr: 0x000000011af96948

Register to memory mapping:

RAX=0x0000000000000064 is an unknown value
RBX=0x000000000000006c is an unknown value
RCX=0x0 is NULL
RDX=0x0 is NULL
RSP=0x000000030c628ad8 is pointing into the stack for thread: 0x00007f8c7d01a800
RBP=0x000000030c628b20 is pointing into the stack for thread: 0x00007f8c7d01a800
RSI=0x000000030c628a78 is pointing into the stack for thread: 0x00007f8c7d01a800
RDI=0x0 is NULL
R8 =0x0000170b36e9fdf3 is an unknown value
R9 =0x000062ca71cd7282 is an unknown value
R10=0x00000001114349c0: _ZN19TemplateInterpreter13_active_tableE+0x2000 in /Library/Java/JavaVirtualMachines/jdk-15.0.2.jdk/Contents/Home/lib/server/libjvm.dylib at 0x0000000110800000
R11=0x0000000122a47548 is at entry_point+40 in (nmethod*)0x0000000122a47390
R12=0x0 is NULL
R13=0x0000000130fc8833 is pointing into metadata
R14=0x000000030c628b48 is pointing into the stack for thread: 0x00007f8c7d01a800
R15=0x00007f8c7d01a800 is a thread


Registers:
RAX=0x0000000000000064, RBX=0x000000000000006c, RCX=0x0000000000000000, RDX=0x0000000000000000
RSP=0x000000030c628ad8, RBP=0x000000030c628b20, RSI=0x000000030c628a78, RDI=0x0000000000000000
R8 =0x0000170b36e9fdf3, R9 =0x000062ca71cd7282, R10=0x00000001114349c0, R11=0x0000000122a47548
R12=0x0000000000000000, R13=0x0000000130fc8833, R14=0x000000030c628b48, R15=0x00007f8c7d01a800
RIP=0x000000011af96948, EFLAGS=0x0000000000000a83, ERR=0x0000000000000000
  TRAPNO=0x0000000000000000

Top of Stack: (sp=0x000000030c628ad8)
0x000000030c628ad8:   000000030c628ad8 0000000130fc882b
0x000000030c628ae8:   000000030c628b48 0000000130fc8978
0x000000030c628af8:   0000000000000000 0000000787baba28
0x000000030c628b08:   0000000130fc88e8 0000000000000000
0x000000030c628b18:   000000030c628b48 000000030c628bb0
0x000000030c628b28:   000000011af7c947 0000000000000006
0x000000030c628b38:   000000000000000e 0000000000000064
0x000000030c628b48:   0000000787babdb0 9b18e53300001fa0
0x000000030c628b58:   00007f8c7d01a800 000000030c628cf0
0x000000030c628b68:   000000030c628ea0 000000030c628cd8
0x000000030c628b78:   0000000000000001 000000030c628c08
0x000000030c628b88:   000000030c628ea8 000000000000000a
0x000000030c628b98:   0000000130fc88e8 000000011af8f060
0x000000030c628ba8:   000000030c628cf8 000000030c628c90
0x000000030c628bb8:   0000000110cadf62 0000000000000001
0x000000030c628bc8:   00007f8c7d01a800 00007f8c7d01a800
0x000000030c628bd8:   00007f8c7c519750 00007f8c7c519b50
0x000000030c628be8:   00007f8c7c519b60 00007f8c7c519c38
0x000000030c628bf8:   00000000000000d8 00007f8c7c519790
0x000000030c628c08:   00007f8c7d01a800 00007f8c7c51a660
0x000000030c628c18:   0000000130fc88e8 0000000000000000
0x000000030c628c28:   0000000000000000 0000000000000000
0x000000030c628c38:   0000000000000000 000000030c628ea0
0x000000030c628c48:   00000002043a69ec 000000011af8f060
0x000000030c628c58:   000000000000000f 0000000a003e9968
0x000000030c628c68:   00007f8c7d01a800 0000000000000008
0x000000030c628c78:   000000030c628ea0 00007f8c7c519720
0x000000030c628c88:   000000030c628cf0 000000030c628da0
0x000000030c628c98:   0000000110d0e5f9 00007f8c7c519c40
0x000000030c628ca8:   00007f8c7c519c50 00007f8c7d01a800
0x000000030c628cb8:   000000030c628e60 00007f8c7c51a028
0x000000030c628cc8:   00000000000003d8 00007f8c7d01ab28 

Instructions: (pc=0x000000011af96948)
0x000000011af96848:   9a a0 27 11 01 00 00 00 6a 00 00 00 00 00 00 00
0x000000011af96858:   00 00 00 00 00 00 00 00 f3 0f 10 04 24 48 83 c4
0x000000011af96868:   08 f3 0f 59 04 24 48 83 c4 08 41 0f b6 5d 01 49
0x000000011af96878:   ff c5 49 ba c0 59 43 11 01 00 00 00 41 ff 24 da
0x000000011af96888:   00 00 00 00 00 00 00 00 00 00 00 00 00 00 00 00
0x000000011af96898:   00 00 00 00 00 00 00 00 60 00 00 00 00 00 00 00
0x000000011af968a8:   9f a0 27 11 01 00 00 00 6b 00 00 00 00 00 00 00
0x000000011af968b8:   00 00 00 00 00 00 00 00 f2 0f 10 04 24 48 83 c4
0x000000011af968c8:   10 f2 0f 59 04 24 48 83 c4 10 41 0f b6 5d 01 49
0x000000011af968d8:   ff c5 49 ba c0 61 43 11 01 00 00 00 41 ff 24 da
0x000000011af968e8:   00 00 00 00 00 00 00 00 00 00 00 00 00 00 00 00
0x000000011af968f8:   00 00 00 00 00 00 00 00 60 00 00 00 00 00 00 00
0x000000011af96908:   a4 a0 27 11 01 00 00 00 6c 00 00 00 00 00 00 00
0x000000011af96918:   00 00 00 00 00 00 00 00 8b 04 24 48 83 c4 08 8b
0x000000011af96928:   c8 8b 04 24 48 83 c4 08 81 f8 00 00 00 80 0f 85
0x000000011af96938:   0b 00 00 00 33 d2 83 f9 ff 0f 84 03 00 00 00 99
0x000000011af96948:   f7 f9 41 0f b6 5d 01 49 ff c5 49 ba c0 49 43 11
0x000000011af96958:   01 00 00 00 41 ff 24 da 80 00 00 00 00 00 00 00
0x000000011af96968:   a9 a0 27 11 01 00 00 00 6d 00 00 00 00 00 00 00
0x000000011af96978:   00 00 00 00 00 00 00 00 48 8b 04 24 48 83 c4 10
0x000000011af96988:   48 8b c8 48 8b 04 24 48 83 c4 10 48 85 c9 0f 84
0x000000011af96998:   57 81 ff ff 48 3b 05 bd e3 35 f6 0f 85 0c 00 00
0x000000011af969a8:   00 33 d2 48 83 f9 ff 0f 84 05 00 00 00 48 99 48
0x000000011af969b8:   f7 f9 41 0f b6 5d 01 49 ff c5 49 ba c0 51 43 11
0x000000011af969c8:   01 00 00 00 41 ff 24 da 00 00 00 00 00 00 00 00
0x000000011af969d8:   00 00 00 00 00 00 00 00 60 00 00 00 00 00 00 00
0x000000011af969e8:   ae a0 27 11 01 00 00 00 6e 00 00 00 00 00 00 00
0x000000011af969f8:   00 00 00 00 00 00 00 00 f3 0f 10 04 24 48 83 c4
0x000000011af96a08:   08 0f 28 c8 f3 0f 10 04 24 48 83 c4 08 f3 0f 5e
0x000000011af96a18:   c1 41 0f b6 5d 01 49 ff c5 49 ba c0 59 43 11 01
0x000000011af96a28:   00 00 00 41 ff 24 da 90 00 00 00 00 00 00 00 00
0x000000011af96a38:   00 00 00 00 00 00 00 00 60 00 00 00 00 00 00 00 


Stack slot to memory mapping:
stack at sp + 0 slots: 0x000000030c628ad8 is pointing into the stack for thread: 0x00007f8c7d01a800
stack at sp + 1 slots: 0x0000000130fc882b is pointing into metadata
stack at sp + 2 slots: 0x000000030c628b48 is pointing into the stack for thread: 0x00007f8c7d01a800
stack at sp + 3 slots: 0x0000000130fc8978 is pointing into metadata
stack at sp + 4 slots: 0x0 is NULL
stack at sp + 5 slots: 0x0000000787baba28 is an oop: java.lang.Class 
{0x0000000787baba28} - klass: 'java/lang/Class'
stack at sp + 6 slots: {method} {0x0000000130fc88e8} 'main' '([Ljava/lang/String;)V' in 'Ex02_Exception'
stack at sp + 7 slots: 0x0 is NULL

idiv  108 idiv  [0x000000011af96920, 0x000000011af96960]  64 bytes
[MachCode]
  0x000000011af96920: 8b04 2448 | 83c4 088b | c88b 0424 | 4883 c408 | 81f8 0000 | 0080 0f85 | 0b00 0000 | 33d2 83f9 
  0x000000011af96940: ff0f 8403 | 0000 0099 | f7f9 410f | b65d 0149 | ffc5 49ba | c049 4311 | 0100 0000 | 41ff 24da 
[/MachCode]

---------------  P R O C E S S  ---------------

Threads class SMR info:
_java_thread_list=0x00007f8c7c575f30, length=13, elements={
0x00007f8c7d01a800, 0x00007f8c7d899000, 0x00007f8c7d80ee00, 0x00007f8c7d04c400,
0x00007f8c7d80fa00, 0x00007f8c7d810000, 0x00007f8c7d810600, 0x00007f8c6c80a400,
0x00007f8c7d012a00, 0x00007f8c7d050000, 0x00007f8c7d050600, 0x00007f8c7d056000,
0x00007f8c7d056e00
}

Java Threads: ( => current thread )
=>0x00007f8c7d01a800 JavaThread "main" [_thread_in_Java, id=9475, stack(0x000000030c529000,0x000000030c629000)]
  0x00007f8c7d899000 JavaThread "Reference Handler" daemon [_thread_blocked, id=16131, stack(0x000000030cc3e000,0x000000030cd3e000)]
  0x00007f8c7d80ee00 JavaThread "Finalizer" daemon [_thread_blocked, id=43011, stack(0x000000030cd41000,0x000000030ce41000)]
  0x00007f8c7d04c400 JavaThread "Signal Dispatcher" daemon [_thread_blocked, id=40963, stack(0x000000030cf53000,0x000000030d053000)]
  0x00007f8c7d80fa00 JavaThread "Service Thread" daemon [_thread_blocked, id=40195, stack(0x000000030d056000,0x000000030d156000)]
  0x00007f8c7d810000 JavaThread "C2 CompilerThread0" daemon [_thread_blocked, id=25859, stack(0x000000030d159000,0x000000030d259000)]
  0x00007f8c7d810600 JavaThread "C1 CompilerThread0" daemon [_thread_blocked, id=38915, stack(0x000000030d25c000,0x000000030d35c000)]
  0x00007f8c6c80a400 JavaThread "Sweeper thread" daemon [_thread_blocked, id=26883, stack(0x000000030d35f000,0x000000030d45f000)]
  0x00007f8c7d012a00 JavaThread "Common-Cleaner" daemon [_thread_blocked, id=37379, stack(0x000000030d462000,0x000000030d562000)]
  0x00007f8c7d050000 JavaThread "JDWP Transport Listener: dt_socket" daemon [_thread_blocked, id=36611, stack(0x000000030d565000,0x000000030d665000)]
  0x00007f8c7d050600 JavaThread "JDWP Event Helper Thread" daemon [_thread_blocked, id=35843, stack(0x000000030d668000,0x000000030d768000)]
  0x00007f8c7d056000 JavaThread "JDWP Command Reader" daemon [_thread_in_native, id=35331, stack(0x000000030d76b000,0x000000030d86b000)]
  0x00007f8c7d056e00 JavaThread "Notification Thread" daemon [_thread_blocked, id=33539, stack(0x000000030d86e000,0x000000030d96e000)]

Other Threads:
  0x00007f8c7c62d6b0 VMThread "VM Thread" [stack: 0x000000030cb3b000,0x000000030cc3b000] [id=15107]
  0x00007f8c7c576a10 WatcherThread [stack: 0x000000030d971000,0x000000030da71000] [id=33027]
  0x00007f8c7c525f80 GCTaskThread "GC Thread#0" [stack: 0x000000030c62c000,0x000000030c72c000] [id=17923]
  0x00007f8c7c527120 ConcurrentGCThread "G1 Main Marker" [stack: 0x000000030c72f000,0x000000030c82f000] [id=17667]
  0x00007f8c7c604c90 ConcurrentGCThread "G1 Conc#0" [stack: 0x000000030c832000,0x000000030c932000] [id=17411]
  0x00007f8c7c6218b0 ConcurrentGCThread "G1 Refine#0" [stack: 0x000000030c935000,0x000000030ca35000] [id=14339]
  0x00007f8c7c5282f0 ConcurrentGCThread "G1 Young RemSet Sampling" [stack: 0x000000030ca38000,0x000000030cb38000] [id=16643]

Threads with active compile tasks:

VM state: not at safepoint (normal execution)

VM Mutex/Monitor currently owned by a thread: None

Heap address: 0x0000000780000000, size: 2048 MB, Compressed Oops mode: Zero based, Oop shift amount: 3
CDS archive(s) mapped at: [0x0000000800000000-0x0000000800b2d000-0x0000000800b2d000), size 11718656, SharedBaseAddress: 0x0000000800000000, ArchiveRelocationMode: 0.
Compressed class space mapped at: 0x0000000800b30000-0x0000000840b30000, size: 1073741824
Narrow klass base: 0x0000000800000000, Narrow klass shift: 3, Narrow klass range: 0x100000000

GC Precious Log:
 CPUs: 8 total, 8 available
 Memory: 8192M
 Large Page Support: Disabled
 NUMA Support: Disabled
 Compressed Oops: Enabled (Zero based)
 Heap Region Size: 1M
 Heap Min Capacity: 8M
 Heap Initial Capacity: 128M
 Heap Max Capacity: 2G
 Pre-touch: Disabled
 Parallel Workers: 8
 Concurrent Workers: 2
 Concurrent Refinement Workers: 8
 Periodic GC: Disabled

Heap:
 garbage-first heap   total 133120K, used 4904K [0x0000000780000000, 0x0000000800000000)
  region size 1024K, 5 young (5120K), 0 survivors (0K)
 Metaspace       used 2731K, capacity 4806K, committed 5120K, reserved 1056768K
  class space    used 258K, capacity 429K, committed 512K, reserved 1048576K

Heap Regions: E=young(eden), S=young(survivor), O=old, HS=humongous(starts), HC=humongous(continues), CS=collection set, F=free, OA=open archive, CA=closed archive, TAMS=top-at-mark-start (previous, next)
|   0|0x0000000780000000, 0x0000000780000000, 0x0000000780100000|  0%| F|  |TAMS 0x0000000780000000, 0x0000000780000000| Untracked 
|   1|0x0000000780100000, 0x0000000780100000, 0x0000000780200000|  0%| F|  |TAMS 0x0000000780100000, 0x0000000780100000| Untracked 
|   2|0x0000000780200000, 0x0000000780200000, 0x0000000780300000|  0%| F|  |TAMS 0x0000000780200000, 0x0000000780200000| Untracked 
|   3|0x0000000780300000, 0x0000000780300000, 0x0000000780400000|  0%| F|  |TAMS 0x0000000780300000, 0x0000000780300000| Untracked 
|   4|0x0000000780400000, 0x0000000780400000, 0x0000000780500000|  0%| F|  |TAMS 0x0000000780400000, 0x0000000780400000| Untracked 
|   5|0x0000000780500000, 0x0000000780500000, 0x0000000780600000|  0%| F|  |TAMS 0x0000000780500000, 0x0000000780500000| Untracked 
|   6|0x0000000780600000, 0x0000000780600000, 0x0000000780700000|  0%| F|  |TAMS 0x0000000780600000, 0x0000000780600000| Untracked 
|   7|0x0000000780700000, 0x0000000780700000, 0x0000000780800000|  0%| F|  |TAMS 0x0000000780700000, 0x0000000780700000| Untracked 
|   8|0x0000000780800000, 0x0000000780800000, 0x0000000780900000|  0%| F|  |TAMS 0x0000000780800000, 0x0000000780800000| Untracked 
|   9|0x0000000780900000, 0x0000000780900000, 0x0000000780a00000|  0%| F|  |TAMS 0x0000000780900000, 0x0000000780900000| Untracked 
|  10|0x0000000780a00000, 0x0000000780a00000, 0x0000000780b00000|  0%| F|  |TAMS 0x0000000780a00000, 0x0000000780a00000| Untracked 
|  11|0x0000000780b00000, 0x0000000780b00000, 0x0000000780c00000|  0%| F|  |TAMS 0x0000000780b00000, 0x0000000780b00000| Untracked 
|  12|0x0000000780c00000, 0x0000000780c00000, 0x0000000780d00000|  0%| F|  |TAMS 0x0000000780c00000, 0x0000000780c00000| Untracked 
|  13|0x0000000780d00000, 0x0000000780d00000, 0x0000000780e00000|  0%| F|  |TAMS 0x0000000780d00000, 0x0000000780d00000| Untracked 
|  14|0x0000000780e00000, 0x0000000780e00000, 0x0000000780f00000|  0%| F|  |TAMS 0x0000000780e00000, 0x0000000780e00000| Untracked 
|  15|0x0000000780f00000, 0x0000000780f00000, 0x0000000781000000|  0%| F|  |TAMS 0x0000000780f00000, 0x0000000780f00000| Untracked 
|  16|0x0000000781000000, 0x0000000781000000, 0x0000000781100000|  0%| F|  |TAMS 0x0000000781000000, 0x0000000781000000| Untracked 
|  17|0x0000000781100000, 0x0000000781100000, 0x0000000781200000|  0%| F|  |TAMS 0x0000000781100000, 0x0000000781100000| Untracked 
|  18|0x0000000781200000, 0x0000000781200000, 0x0000000781300000|  0%| F|  |TAMS 0x0000000781200000, 0x0000000781200000| Untracked 
|  19|0x0000000781300000, 0x0000000781300000, 0x0000000781400000|  0%| F|  |TAMS 0x0000000781300000, 0x0000000781300000| Untracked 
|  20|0x0000000781400000, 0x0000000781400000, 0x0000000781500000|  0%| F|  |TAMS 0x0000000781400000, 0x0000000781400000| Untracked 
|  21|0x0000000781500000, 0x0000000781500000, 0x0000000781600000|  0%| F|  |TAMS 0x0000000781500000, 0x0000000781500000| Untracked 
|  22|0x0000000781600000, 0x0000000781600000, 0x0000000781700000|  0%| F|  |TAMS 0x0000000781600000, 0x0000000781600000| Untracked 
|  23|0x0000000781700000, 0x0000000781700000, 0x0000000781800000|  0%| F|  |TAMS 0x0000000781700000, 0x0000000781700000| Untracked 
|  24|0x0000000781800000, 0x0000000781800000, 0x0000000781900000|  0%| F|  |TAMS 0x0000000781800000, 0x0000000781800000| Untracked 
|  25|0x0000000781900000, 0x0000000781900000, 0x0000000781a00000|  0%| F|  |TAMS 0x0000000781900000, 0x0000000781900000| Untracked 
|  26|0x0000000781a00000, 0x0000000781a00000, 0x0000000781b00000|  0%| F|  |TAMS 0x0000000781a00000, 0x0000000781a00000| Untracked 
|  27|0x0000000781b00000, 0x0000000781b00000, 0x0000000781c00000|  0%| F|  |TAMS 0x0000000781b00000, 0x0000000781b00000| Untracked 
|  28|0x0000000781c00000, 0x0000000781c00000, 0x0000000781d00000|  0%| F|  |TAMS 0x0000000781c00000, 0x0000000781c00000| Untracked 
|  29|0x0000000781d00000, 0x0000000781d00000, 0x0000000781e00000|  0%| F|  |TAMS 0x0000000781d00000, 0x0000000781d00000| Untracked 
|  30|0x0000000781e00000, 0x0000000781e00000, 0x0000000781f00000|  0%| F|  |TAMS 0x0000000781e00000, 0x0000000781e00000| Untracked 
|  31|0x0000000781f00000, 0x0000000781f00000, 0x0000000782000000|  0%| F|  |TAMS 0x0000000781f00000, 0x0000000781f00000| Untracked 
|  32|0x0000000782000000, 0x0000000782000000, 0x0000000782100000|  0%| F|  |TAMS 0x0000000782000000, 0x0000000782000000| Untracked 
|  33|0x0000000782100000, 0x0000000782100000, 0x0000000782200000|  0%| F|  |TAMS 0x0000000782100000, 0x0000000782100000| Untracked 
|  34|0x0000000782200000, 0x0000000782200000, 0x0000000782300000|  0%| F|  |TAMS 0x0000000782200000, 0x0000000782200000| Untracked 
|  35|0x0000000782300000, 0x0000000782300000, 0x0000000782400000|  0%| F|  |TAMS 0x0000000782300000, 0x0000000782300000| Untracked 
|  36|0x0000000782400000, 0x0000000782400000, 0x0000000782500000|  0%| F|  |TAMS 0x0000000782400000, 0x0000000782400000| Untracked 
|  37|0x0000000782500000, 0x0000000782500000, 0x0000000782600000|  0%| F|  |TAMS 0x0000000782500000, 0x0000000782500000| Untracked 
|  38|0x0000000782600000, 0x0000000782600000, 0x0000000782700000|  0%| F|  |TAMS 0x0000000782600000, 0x0000000782600000| Untracked 
|  39|0x0000000782700000, 0x0000000782700000, 0x0000000782800000|  0%| F|  |TAMS 0x0000000782700000, 0x0000000782700000| Untracked 
|  40|0x0000000782800000, 0x0000000782800000, 0x0000000782900000|  0%| F|  |TAMS 0x0000000782800000, 0x0000000782800000| Untracked 
|  41|0x0000000782900000, 0x0000000782900000, 0x0000000782a00000|  0%| F|  |TAMS 0x0000000782900000, 0x0000000782900000| Untracked 
|  42|0x0000000782a00000, 0x0000000782a00000, 0x0000000782b00000|  0%| F|  |TAMS 0x0000000782a00000, 0x0000000782a00000| Untracked 
|  43|0x0000000782b00000, 0x0000000782b00000, 0x0000000782c00000|  0%| F|  |TAMS 0x0000000782b00000, 0x0000000782b00000| Untracked 
|  44|0x0000000782c00000, 0x0000000782c00000, 0x0000000782d00000|  0%| F|  |TAMS 0x0000000782c00000, 0x0000000782c00000| Untracked 
|  45|0x0000000782d00000, 0x0000000782d00000, 0x0000000782e00000|  0%| F|  |TAMS 0x0000000782d00000, 0x0000000782d00000| Untracked 
|  46|0x0000000782e00000, 0x0000000782e00000, 0x0000000782f00000|  0%| F|  |TAMS 0x0000000782e00000, 0x0000000782e00000| Untracked 
|  47|0x0000000782f00000, 0x0000000782f00000, 0x0000000783000000|  0%| F|  |TAMS 0x0000000782f00000, 0x0000000782f00000| Untracked 
|  48|0x0000000783000000, 0x0000000783000000, 0x0000000783100000|  0%| F|  |TAMS 0x0000000783000000, 0x0000000783000000| Untracked 
|  49|0x0000000783100000, 0x0000000783100000, 0x0000000783200000|  0%| F|  |TAMS 0x0000000783100000, 0x0000000783100000| Untracked 
|  50|0x0000000783200000, 0x0000000783200000, 0x0000000783300000|  0%| F|  |TAMS 0x0000000783200000, 0x0000000783200000| Untracked 
|  51|0x0000000783300000, 0x0000000783300000, 0x0000000783400000|  0%| F|  |TAMS 0x0000000783300000, 0x0000000783300000| Untracked 
|  52|0x0000000783400000, 0x0000000783400000, 0x0000000783500000|  0%| F|  |TAMS 0x0000000783400000, 0x0000000783400000| Untracked 
|  53|0x0000000783500000, 0x0000000783500000, 0x0000000783600000|  0%| F|  |TAMS 0x0000000783500000, 0x0000000783500000| Untracked 
|  54|0x0000000783600000, 0x0000000783600000, 0x0000000783700000|  0%| F|  |TAMS 0x0000000783600000, 0x0000000783600000| Untracked 
|  55|0x0000000783700000, 0x0000000783700000, 0x0000000783800000|  0%| F|  |TAMS 0x0000000783700000, 0x0000000783700000| Untracked 
|  56|0x0000000783800000, 0x0000000783800000, 0x0000000783900000|  0%| F|  |TAMS 0x0000000783800000, 0x0000000783800000| Untracked 
|  57|0x0000000783900000, 0x0000000783900000, 0x0000000783a00000|  0%| F|  |TAMS 0x0000000783900000, 0x0000000783900000| Untracked 
|  58|0x0000000783a00000, 0x0000000783a00000, 0x0000000783b00000|  0%| F|  |TAMS 0x0000000783a00000, 0x0000000783a00000| Untracked 
|  59|0x0000000783b00000, 0x0000000783b00000, 0x0000000783c00000|  0%| F|  |TAMS 0x0000000783b00000, 0x0000000783b00000| Untracked 
|  60|0x0000000783c00000, 0x0000000783c00000, 0x0000000783d00000|  0%| F|  |TAMS 0x0000000783c00000, 0x0000000783c00000| Untracked 
|  61|0x0000000783d00000, 0x0000000783d00000, 0x0000000783e00000|  0%| F|  |TAMS 0x0000000783d00000, 0x0000000783d00000| Untracked 
|  62|0x0000000783e00000, 0x0000000783e00000, 0x0000000783f00000|  0%| F|  |TAMS 0x0000000783e00000, 0x0000000783e00000| Untracked 
|  63|0x0000000783f00000, 0x0000000783f00000, 0x0000000784000000|  0%| F|  |TAMS 0x0000000783f00000, 0x0000000783f00000| Untracked 
|  64|0x0000000784000000, 0x0000000784000000, 0x0000000784100000|  0%| F|  |TAMS 0x0000000784000000, 0x0000000784000000| Untracked 
|  65|0x0000000784100000, 0x0000000784100000, 0x0000000784200000|  0%| F|  |TAMS 0x0000000784100000, 0x0000000784100000| Untracked 
|  66|0x0000000784200000, 0x0000000784200000, 0x0000000784300000|  0%| F|  |TAMS 0x0000000784200000, 0x0000000784200000| Untracked 
|  67|0x0000000784300000, 0x0000000784300000, 0x0000000784400000|  0%| F|  |TAMS 0x0000000784300000, 0x0000000784300000| Untracked 
|  68|0x0000000784400000, 0x0000000784400000, 0x0000000784500000|  0%| F|  |TAMS 0x0000000784400000, 0x0000000784400000| Untracked 
|  69|0x0000000784500000, 0x0000000784500000, 0x0000000784600000|  0%| F|  |TAMS 0x0000000784500000, 0x0000000784500000| Untracked 
|  70|0x0000000784600000, 0x0000000784600000, 0x0000000784700000|  0%| F|  |TAMS 0x0000000784600000, 0x0000000784600000| Untracked 
|  71|0x0000000784700000, 0x0000000784700000, 0x0000000784800000|  0%| F|  |TAMS 0x0000000784700000, 0x0000000784700000| Untracked 
|  72|0x0000000784800000, 0x0000000784800000, 0x0000000784900000|  0%| F|  |TAMS 0x0000000784800000, 0x0000000784800000| Untracked 
|  73|0x0000000784900000, 0x0000000784900000, 0x0000000784a00000|  0%| F|  |TAMS 0x0000000784900000, 0x0000000784900000| Untracked 
|  74|0x0000000784a00000, 0x0000000784a00000, 0x0000000784b00000|  0%| F|  |TAMS 0x0000000784a00000, 0x0000000784a00000| Untracked 
|  75|0x0000000784b00000, 0x0000000784b00000, 0x0000000784c00000|  0%| F|  |TAMS 0x0000000784b00000, 0x0000000784b00000| Untracked 
|  76|0x0000000784c00000, 0x0000000784c00000, 0x0000000784d00000|  0%| F|  |TAMS 0x0000000784c00000, 0x0000000784c00000| Untracked 
|  77|0x0000000784d00000, 0x0000000784d00000, 0x0000000784e00000|  0%| F|  |TAMS 0x0000000784d00000, 0x0000000784d00000| Untracked 
|  78|0x0000000784e00000, 0x0000000784e00000, 0x0000000784f00000|  0%| F|  |TAMS 0x0000000784e00000, 0x0000000784e00000| Untracked 
|  79|0x0000000784f00000, 0x0000000784f00000, 0x0000000785000000|  0%| F|  |TAMS 0x0000000784f00000, 0x0000000784f00000| Untracked 
|  80|0x0000000785000000, 0x0000000785000000, 0x0000000785100000|  0%| F|  |TAMS 0x0000000785000000, 0x0000000785000000| Untracked 
|  81|0x0000000785100000, 0x0000000785100000, 0x0000000785200000|  0%| F|  |TAMS 0x0000000785100000, 0x0000000785100000| Untracked 
|  82|0x0000000785200000, 0x0000000785200000, 0x0000000785300000|  0%| F|  |TAMS 0x0000000785200000, 0x0000000785200000| Untracked 
|  83|0x0000000785300000, 0x0000000785300000, 0x0000000785400000|  0%| F|  |TAMS 0x0000000785300000, 0x0000000785300000| Untracked 
|  84|0x0000000785400000, 0x0000000785400000, 0x0000000785500000|  0%| F|  |TAMS 0x0000000785400000, 0x0000000785400000| Untracked 
|  85|0x0000000785500000, 0x0000000785500000, 0x0000000785600000|  0%| F|  |TAMS 0x0000000785500000, 0x0000000785500000| Untracked 
|  86|0x0000000785600000, 0x0000000785600000, 0x0000000785700000|  0%| F|  |TAMS 0x0000000785600000, 0x0000000785600000| Untracked 
|  87|0x0000000785700000, 0x0000000785700000, 0x0000000785800000|  0%| F|  |TAMS 0x0000000785700000, 0x0000000785700000| Untracked 
|  88|0x0000000785800000, 0x0000000785800000, 0x0000000785900000|  0%| F|  |TAMS 0x0000000785800000, 0x0000000785800000| Untracked 
|  89|0x0000000785900000, 0x0000000785900000, 0x0000000785a00000|  0%| F|  |TAMS 0x0000000785900000, 0x0000000785900000| Untracked 
|  90|0x0000000785a00000, 0x0000000785a00000, 0x0000000785b00000|  0%| F|  |TAMS 0x0000000785a00000, 0x0000000785a00000| Untracked 
|  91|0x0000000785b00000, 0x0000000785b00000, 0x0000000785c00000|  0%| F|  |TAMS 0x0000000785b00000, 0x0000000785b00000| Untracked 
|  92|0x0000000785c00000, 0x0000000785c00000, 0x0000000785d00000|  0%| F|  |TAMS 0x0000000785c00000, 0x0000000785c00000| Untracked 
|  93|0x0000000785d00000, 0x0000000785d00000, 0x0000000785e00000|  0%| F|  |TAMS 0x0000000785d00000, 0x0000000785d00000| Untracked 
|  94|0x0000000785e00000, 0x0000000785e00000, 0x0000000785f00000|  0%| F|  |TAMS 0x0000000785e00000, 0x0000000785e00000| Untracked 
|  95|0x0000000785f00000, 0x0000000785f00000, 0x0000000786000000|  0%| F|  |TAMS 0x0000000785f00000, 0x0000000785f00000| Untracked 
|  96|0x0000000786000000, 0x0000000786000000, 0x0000000786100000|  0%| F|  |TAMS 0x0000000786000000, 0x0000000786000000| Untracked 
|  97|0x0000000786100000, 0x0000000786100000, 0x0000000786200000|  0%| F|  |TAMS 0x0000000786100000, 0x0000000786100000| Untracked 
|  98|0x0000000786200000, 0x0000000786200000, 0x0000000786300000|  0%| F|  |TAMS 0x0000000786200000, 0x0000000786200000| Untracked 
|  99|0x0000000786300000, 0x0000000786300000, 0x0000000786400000|  0%| F|  |TAMS 0x0000000786300000, 0x0000000786300000| Untracked 
| 100|0x0000000786400000, 0x0000000786400000, 0x0000000786500000|  0%| F|  |TAMS 0x0000000786400000, 0x0000000786400000| Untracked 
| 101|0x0000000786500000, 0x0000000786500000, 0x0000000786600000|  0%| F|  |TAMS 0x0000000786500000, 0x0000000786500000| Untracked 
| 102|0x0000000786600000, 0x0000000786600000, 0x0000000786700000|  0%| F|  |TAMS 0x0000000786600000, 0x0000000786600000| Untracked 
| 103|0x0000000786700000, 0x0000000786700000, 0x0000000786800000|  0%| F|  |TAMS 0x0000000786700000, 0x0000000786700000| Untracked 
| 104|0x0000000786800000, 0x0000000786800000, 0x0000000786900000|  0%| F|  |TAMS 0x0000000786800000, 0x0000000786800000| Untracked 
| 105|0x0000000786900000, 0x0000000786900000, 0x0000000786a00000|  0%| F|  |TAMS 0x0000000786900000, 0x0000000786900000| Untracked 
| 106|0x0000000786a00000, 0x0000000786a00000, 0x0000000786b00000|  0%| F|  |TAMS 0x0000000786a00000, 0x0000000786a00000| Untracked 
| 107|0x0000000786b00000, 0x0000000786b00000, 0x0000000786c00000|  0%| F|  |TAMS 0x0000000786b00000, 0x0000000786b00000| Untracked 
| 108|0x0000000786c00000, 0x0000000786c00000, 0x0000000786d00000|  0%| F|  |TAMS 0x0000000786c00000, 0x0000000786c00000| Untracked 
| 109|0x0000000786d00000, 0x0000000786d00000, 0x0000000786e00000|  0%| F|  |TAMS 0x0000000786d00000, 0x0000000786d00000| Untracked 
| 110|0x0000000786e00000, 0x0000000786e00000, 0x0000000786f00000|  0%| F|  |TAMS 0x0000000786e00000, 0x0000000786e00000| Untracked 
| 111|0x0000000786f00000, 0x0000000786f00000, 0x0000000787000000|  0%| F|  |TAMS 0x0000000786f00000, 0x0000000786f00000| Untracked 
| 112|0x0000000787000000, 0x0000000787000000, 0x0000000787100000|  0%| F|  |TAMS 0x0000000787000000, 0x0000000787000000| Untracked 
| 113|0x0000000787100000, 0x0000000787100000, 0x0000000787200000|  0%| F|  |TAMS 0x0000000787100000, 0x0000000787100000| Untracked 
| 114|0x0000000787200000, 0x0000000787200000, 0x0000000787300000|  0%| F|  |TAMS 0x0000000787200000, 0x0000000787200000| Untracked 
| 115|0x0000000787300000, 0x0000000787300000, 0x0000000787400000|  0%| F|  |TAMS 0x0000000787300000, 0x0000000787300000| Untracked 
| 116|0x0000000787400000, 0x0000000787400000, 0x0000000787500000|  0%| F|  |TAMS 0x0000000787400000, 0x0000000787400000| Untracked 
| 117|0x0000000787500000, 0x0000000787500000, 0x0000000787600000|  0%| F|  |TAMS 0x0000000787500000, 0x0000000787500000| Untracked 
| 118|0x0000000787600000, 0x0000000787600000, 0x0000000787700000|  0%| F|  |TAMS 0x0000000787600000, 0x0000000787600000| Untracked 
| 119|0x0000000787700000, 0x0000000787700000, 0x0000000787800000|  0%| F|  |TAMS 0x0000000787700000, 0x0000000787700000| Untracked 
| 120|0x0000000787800000, 0x0000000787800000, 0x0000000787900000|  0%| F|  |TAMS 0x0000000787800000, 0x0000000787800000| Untracked 
| 121|0x0000000787900000, 0x0000000787900000, 0x0000000787a00000|  0%| F|  |TAMS 0x0000000787900000, 0x0000000787900000| Untracked 
| 122|0x0000000787a00000, 0x0000000787a00000, 0x0000000787b00000|  0%| F|  |TAMS 0x0000000787a00000, 0x0000000787a00000| Untracked 
| 123|0x0000000787b00000, 0x0000000787bf7410, 0x0000000787c00000| 96%| E|  |TAMS 0x0000000787b00000, 0x0000000787b00000| Complete 
| 124|0x0000000787c00000, 0x0000000787d00000, 0x0000000787d00000|100%| E|CS|TAMS 0x0000000787c00000, 0x0000000787c00000| Complete 
| 125|0x0000000787d00000, 0x0000000787e00000, 0x0000000787e00000|100%| E|CS|TAMS 0x0000000787d00000, 0x0000000787d00000| Complete 
| 126|0x0000000787e00000, 0x0000000787f00000, 0x0000000787f00000|100%| E|CS|TAMS 0x0000000787e00000, 0x0000000787e00000| Complete 
| 127|0x0000000787f00000, 0x0000000788000000, 0x0000000788000000|100%| E|CS|TAMS 0x0000000787f00000, 0x0000000787f00000| Complete 
|1022|0x00000007bfe00000, 0x00000007bfe51000, 0x00000007bff00000| 31%|OA|  |TAMS 0x00000007bfe00000, 0x00000007bfe00000| Untracked 
|1023|0x00000007bff00000, 0x00000007bff79000, 0x00000007c0000000| 47%|CA|  |TAMS 0x00000007bff00000, 0x00000007bff00000| Untracked 

Card table byte_map: [0x000000012a37c000,0x000000012a77c000] _byte_map_base: 0x000000012677c000

Marking Bits (Prev, Next): (CMBitMap*) 0x00007f8c7d03a210, (CMBitMap*) 0x00007f8c7d03a250
 Prev Bits: [0x000000012ab7c000, 0x000000012cb7c000)
 Next Bits: [0x000000012cb7c000, 0x000000012eb7c000)

Polling page: 0x0000000104021000

Metaspace:

Usage:
  Non-class:      4.27 MB capacity,     2.42 MB ( 57%) used,     1.86 MB ( 43%) free+waste,     1.12 KB ( <1%) overhead. 
      Class:    429.00 KB capacity,   258.47 KB ( 60%) used,   169.84 KB ( 40%) free+waste,   704 bytes ( <1%) overhead. 
       Both:      4.69 MB capacity,     2.67 MB ( 57%) used,     2.02 MB ( 43%) free+waste,     1.81 KB ( <1%) overhead. 

Virtual space:
  Non-class space:        8.00 MB reserved,       4.50 MB ( 56%) committed 
      Class space:        1.00 GB reserved,     512.00 KB ( <1%) committed 
             Both:        1.01 GB reserved,       5.00 MB ( <1%) committed 

Chunk freelists:
   Non-Class:  55.00 KB
       Class:  19.00 KB
        Both:  74.00 KB

MaxMetaspaceSize: 17179869184.00 GB
CompressedClassSpaceSize: 1.00 GB

CodeHeap 'non-profiled nmethods': size=120028Kb used=122Kb max_used=122Kb free=119905Kb
 bounds [0x0000000122a45000, 0x0000000122cb5000, 0x0000000129f7c000]
CodeHeap 'profiled nmethods': size=120028Kb used=523Kb max_used=523Kb free=119504Kb
 bounds [0x000000011b50e000, 0x000000011b77e000, 0x0000000122a45000]
CodeHeap 'non-nmethods': size=5704Kb used=1198Kb max_used=1212Kb free=4505Kb
 bounds [0x000000011af7c000, 0x000000011b1ec000, 0x000000011b50e000]
 total_blobs=794 nmethods=414 adapters=295
 compilation: enabled
              stopped_count=0, restarted_count=0
 full_count=0

Compilation events (20 events):
Event: 0.380 Thread 0x00007f8c7d810600 nmethod 404 0x000000011b58b110 code [0x000000011b58b2c0, 0x000000011b58b5f0]
Event: 0.381 Thread 0x00007f8c7d810600  405       3       sun.security.x509.X509CertImpl::getEncodedInternal (22 bytes)
Event: 0.381 Thread 0x00007f8c7d810600 nmethod 405 0x000000011b58b710 code [0x000000011b58b8c0, 0x000000011b58ba80]
Event: 0.382 Thread 0x00007f8c7d810600  406       3       java.lang.StringConcatHelper::stringOf (20 bytes)
Event: 0.382 Thread 0x00007f8c7d810600 nmethod 406 0x000000011b58bb90 code [0x000000011b58bd40, 0x000000011b58bf80]
Event: 0.382 Thread 0x00007f8c7d810600  407       3       java.lang.StringConcatHelper::mix (27 bytes)
Event: 0.382 Thread 0x00007f8c7d810600 nmethod 407 0x000000011b58c090 code [0x000000011b58c260, 0x000000011b58c680]
Event: 0.383 Thread 0x00007f8c7d810600  409   !   3       java.security.cert.Certificate::equals (38 bytes)
Event: 0.383 Thread 0x00007f8c7d810600 nmethod 409 0x000000011b58c890 code [0x000000011b58cb00, 0x000000011b58d8c0]
Event: 0.383 Thread 0x00007f8c7d810600  408       3       java.lang.String::endsWith (15 bytes)
Event: 0.383 Thread 0x00007f8c7d810600 nmethod 408 0x000000011b58dd90 code [0x000000011b58df60, 0x000000011b58e2a0]
Event: 0.384 Thread 0x00007f8c7d810600  410       3       java.lang.String::isLatin1 (19 bytes)
Event: 0.384 Thread 0x00007f8c7d810600 nmethod 410 0x000000011b58e490 code [0x000000011b58e620, 0x000000011b58e790]
Event: 0.384 Thread 0x00007f8c7d810600  411       3       java.util.HashMap::<init> (98 bytes)
Event: 0.385 Thread 0x00007f8c7d810600 nmethod 411 0x000000011b58e810 code [0x000000011b58eb40, 0x000000011b58fc70]
Event: 0.385 Thread 0x00007f8c7d810600  412       3       java.lang.Character::toLowerCase (9 bytes)
Event: 0.385 Thread 0x00007f8c7d810600 nmethod 412 0x000000011b590290 code [0x000000011b590440, 0x000000011b590610]
Event: 0.385 Thread 0x00007f8c7d810600  413       3       java.lang.String::hashCode (60 bytes)
Event: 0.385 Thread 0x00007f8c7d810600 nmethod 413 0x000000011b590710 code [0x000000011b5908e0, 0x000000011b590c30]
Event: 0.387 Thread 0x00007f8c7d810600  414       1       java.nio.Buffer::limit (5 bytes)

GC Heap History (0 events):
No events

Deoptimization events (20 events):
Event: 0.373 Thread 0x00007f8c7d01a800 DEOPT PACKING pc=0x000000011b57c56b sp=0x000000030c6243a0
Event: 0.373 Thread 0x00007f8c7d01a800 DEOPT UNPACKING pc=0x000000011afc9c1c sp=0x000000030c623888 mode 0
Event: 0.373 Thread 0x00007f8c7d01a800 DEOPT PACKING pc=0x000000011b57c56b sp=0x000000030c6243a0
Event: 0.373 Thread 0x00007f8c7d01a800 DEOPT UNPACKING pc=0x000000011afc9c1c sp=0x000000030c623888 mode 0
Event: 0.376 Thread 0x00007f8c7d01a800 DEOPT PACKING pc=0x000000011b57c56b sp=0x000000030c6259e0
Event: 0.376 Thread 0x00007f8c7d01a800 DEOPT UNPACKING pc=0x000000011afc9c1c sp=0x000000030c624ec8 mode 0
Event: 0.376 Thread 0x00007f8c7d01a800 DEOPT PACKING pc=0x000000011b57c56b sp=0x000000030c6259e0
Event: 0.376 Thread 0x00007f8c7d01a800 DEOPT UNPACKING pc=0x000000011afc9c1c sp=0x000000030c624ec8 mode 0
Event: 0.376 Thread 0x00007f8c7d01a800 DEOPT PACKING pc=0x000000011b57c56b sp=0x000000030c6259e0
Event: 0.376 Thread 0x00007f8c7d01a800 DEOPT UNPACKING pc=0x000000011afc9c1c sp=0x000000030c624ec8 mode 0
Event: 0.377 Thread 0x00007f8c7d01a800 DEOPT PACKING pc=0x000000011b57c56b sp=0x000000030c6259e0
Event: 0.377 Thread 0x00007f8c7d01a800 DEOPT UNPACKING pc=0x000000011afc9c1c sp=0x000000030c624ec8 mode 0
Event: 0.380 Thread 0x00007f8c7d01a800 Uncommon trap: trap_request=0xffffff45 fr.pc=0x0000000122a4db54 relative=0x00000000000001d4
Event: 0.380 Thread 0x00007f8c7d01a800 Uncommon trap: reason=unstable_if action=reinterpret pc=0x0000000122a4db54 method=java.lang.String.isLatin1()Z @ 10 c2
Event: 0.380 Thread 0x00007f8c7d01a800 DEOPT PACKING pc=0x0000000122a4db54 sp=0x000000030c626700
Event: 0.380 Thread 0x00007f8c7d01a800 DEOPT UNPACKING pc=0x000000011afc9e1f sp=0x000000030c626658 mode 2
Event: 0.380 Thread 0x00007f8c7d01a800 Uncommon trap: trap_request=0xffffff45 fr.pc=0x0000000122a54bdc relative=0x000000000000005c
Event: 0.380 Thread 0x00007f8c7d01a800 Uncommon trap: reason=unstable_if action=reinterpret pc=0x0000000122a54bdc method=java.lang.String.isLatin1()Z @ 10 c2
Event: 0.380 Thread 0x00007f8c7d01a800 DEOPT PACKING pc=0x0000000122a54bdc sp=0x000000030c6266a0
Event: 0.380 Thread 0x00007f8c7d01a800 DEOPT UNPACKING pc=0x000000011afc9e1f sp=0x000000030c626660 mode 2

Classes unloaded (0 events):
No events

Classes redefined (0 events):
No events

Internal exceptions (4 events):
Event: 0.230 Thread 0x00007f8c7d01a800 Implicit null exception at 0x0000000122a524b5 to 0x0000000122a52600
Event: 0.247 Thread 0x00007f8c7d01a800 Exception <a 'java/lang/NoSuchMethodError'{0x0000000787d35140}: 'void java.lang.invoke.DirectMethodHandle$Holder.invokeStatic(java.lang.Object, java.lang.Object)'> (0x0000000787d35140) 
thrown [./open/src/hotspot/share/interpreter/linkResolver.cpp, line 782]
Event: 0.249 Thread 0x00007f8c7d01a800 Exception <a 'java/lang/NoSuchMethodError'{0x0000000787d38cc0}: 'void java.lang.invoke.DirectMethodHandle$Holder.invokeStaticInit(java.lang.Object, java.lang.Object)'> (0x0000000787d38cc0) 
thrown [./open/src/hotspot/share/interpreter/linkResolver.cpp, line 782]
Event: 0.347 Thread 0x00007f8c7d01a800 Exception <a 'java/lang/NoSuchMethodError'{0x0000000787ccd068}: 'java.lang.Object java.lang.invoke.DirectMethodHandle$Holder.invokeStatic(java.lang.Object)'> (0x0000000787ccd068) 
thrown [./open/src/hotspot/share/interpreter/linkResolver.cpp, line 782]

Events (20 events):
Event: 0.367 loading class jdk/internal/reflect/UTF8
Event: 0.367 loading class jdk/internal/reflect/UTF8 done
Event: 0.369 loading class jdk/internal/reflect/Label
Event: 0.369 loading class jdk/internal/reflect/Label done
Event: 0.369 loading class jdk/internal/reflect/Label$PatchInfo
Event: 0.369 loading class jdk/internal/reflect/Label$PatchInfo done
Event: 0.369 loading class jdk/internal/reflect/MethodAccessorGenerator$1
Event: 0.369 loading class jdk/internal/reflect/MethodAccessorGenerator$1 done
Event: 0.369 loading class jdk/internal/reflect/ClassDefiner
Event: 0.369 loading class jdk/internal/reflect/ClassDefiner done
Event: 0.369 loading class jdk/internal/reflect/ClassDefiner$1
Event: 0.369 loading class jdk/internal/reflect/ClassDefiner$1 done
Event: 0.370 loading class jdk/internal/reflect/BootstrapConstructorAccessorImpl
Event: 0.370 loading class jdk/internal/reflect/BootstrapConstructorAccessorImpl done
Event: 0.376 loading class java/lang/IndexOutOfBoundsException
Event: 0.376 loading class java/lang/IndexOutOfBoundsException done
Event: 0.385 loading class java/lang/IllegalStateException
Event: 0.385 loading class java/lang/IllegalStateException done
Event: 0.386 loading class java/lang/Math$RandomNumberGeneratorHolder
Event: 0.386 loading class java/lang/Math$RandomNumberGeneratorHolder done


Dynamic libraries:
0x00007ffdffe3e000 	/Library/Apple/usr/libexec/oah/runtime
0x00007fff2a5f1000 	/usr/lib/libz.1.dylib
0x000000010c2c5000 	/Library/Java/JavaVirtualMachines/jdk-15.0.2.jdk/Contents/Home/lib/libjli.dylib
0x00007fff352a3000 	/System/Library/Frameworks/Cocoa.framework/Versions/A/Cocoa
0x00007fff22148000 	/System/Library/Frameworks/Security.framework/Versions/A/Security
0x00007fff334a0000 	/System/Library/Frameworks/ApplicationServices.framework/Versions/A/ApplicationServices
0x00007fff2a6bd000 	/usr/lib/libSystem.B.dylib
0x00007fff2a6b7000 	/usr/lib/system/libcache.dylib
0x00007fff2a673000 	/usr/lib/system/libcommonCrypto.dylib
0x00007fff2a69d000 	/usr/lib/system/libcompiler_rt.dylib
0x00007fff2a692000 	/usr/lib/system/libcopyfile.dylib
0x00007fff200e6000 	/usr/lib/system/libcorecrypto.dylib
0x00007fff201b3000 	/usr/lib/system/libdispatch.dylib
0x00007fff20368000 	/usr/lib/system/libdyld.dylib
0x00007fff2a6ae000 	/usr/lib/system/libkeymgr.dylib
0x00007fff2dc52000 	/usr/lib/system/liblaunch.dylib
0x00007fff2a651000 	/usr/lib/system/libmacho.dylib
0x00007fff29e66000 	/usr/lib/system/libquarantine.dylib
0x00007fff2a6ab000 	/usr/lib/system/libremovefile.dylib
0x00007fff24adf000 	/usr/lib/system/libsystem_asl.dylib
0x00007fff20096000 	/usr/lib/system/libsystem_blocks.dylib
0x00007fff20235000 	/usr/lib/system/libsystem_c.dylib
0x00007fff2a6a5000 	/usr/lib/system/libsystem_collections.dylib
0x00007fff29253000 	/usr/lib/system/libsystem_configuration.dylib
0x00007fff2853f000 	/usr/lib/system/libsystem_containermanager.dylib
0x00007fff2a3e9000 	/usr/lib/system/libsystem_coreservices.dylib
0x00007fff226fc000 	/usr/lib/system/libsystem_darwin.dylib
0x00007fff2a6af000 	/usr/lib/system/libsystem_dnssd.dylib
0x00007fff20232000 	/usr/lib/system/libsystem_featureflags.dylib
0x00007fff203ad000 	/usr/lib/system/libsystem_info.dylib
0x00007fff2a604000 	/usr/lib/system/libsystem_m.dylib
0x00007fff20186000 	/usr/lib/system/libsystem_malloc.dylib
0x00007fff24a73000 	/usr/lib/system/libsystem_networkextension.dylib
0x00007fff22b17000 	/usr/lib/system/libsystem_notify.dylib
0x00007fff30106000 	/usr/lib/system/libsystem_product_info_filter.dylib
0x00007fff29257000 	/usr/lib/system/libsystem_sandbox.dylib
0x00007fff2a6a8000 	/usr/lib/system/libsystem_secinit.dylib
0x00007fff2032d000 	/usr/lib/system/libsystem_kernel.dylib
0x00007fff203a3000 	/usr/lib/system/libsystem_platform.dylib
0x00007fff2035c000 	/usr/lib/system/libsystem_pthread.dylib
0x00007fff2620d000 	/usr/lib/system/libsystem_symptoms.dylib
0x00007fff200ce000 	/usr/lib/system/libsystem_trace.dylib
0x00007fff2a67f000 	/usr/lib/system/libunwind.dylib
0x00007fff20098000 	/usr/lib/system/libxpc.dylib
0x00007fff20314000 	/usr/lib/libc++abi.dylib
0x00007fff201f8000 	/usr/lib/libobjc.A.dylib
0x00007fff2a68a000 	/usr/lib/liboah.dylib
0x00007fff202be000 	/usr/lib/libc++.1.dylib
0x00007fff203d9000 	/System/Library/Frameworks/CoreFoundation.framework/Versions/A/CoreFoundation
0x00007fff210bb000 	/System/Library/Frameworks/Foundation.framework/Versions/C/Foundation
0x00007fff22b6f000 	/System/Library/Frameworks/AppKit.framework/Versions/C/AppKit
0x00007fff25a2d000 	/System/Library/Frameworks/CoreData.framework/Versions/A/CoreData
0x00007fff238d2000 	/System/Library/PrivateFrameworks/UIFoundation.framework/Versions/A/UIFoundation
0x00007fff2fe7f000 	/System/Library/PrivateFrameworks/RemoteViewServices.framework/Versions/A/RemoteViewServices
0x00007fff28c09000 	/System/Library/PrivateFrameworks/XCTTargetBootstrap.framework/Versions/A/XCTTargetBootstrap
0x00007fff2b95b000 	/usr/lib/libspindump.dylib
0x00007fff23b27000 	/System/Library/Frameworks/UniformTypeIdentifiers.framework/Versions/A/UniformTypeIdentifiers
0x00007fff273df000 	/usr/lib/libapp_launch_measurement.dylib
0x00007fff273e2000 	/System/Library/PrivateFrameworks/CoreAutoLayout.framework/Versions/A/CoreAutoLayout
0x00007fff2856b000 	/System/Library/Frameworks/Metal.framework/Versions/A/Metal
0x00007fff29262000 	/usr/lib/liblangid.dylib
0x00007fff28c0d000 	/System/Library/PrivateFrameworks/CoreSVG.framework/Versions/A/CoreSVG
0x00007fff24b0e000 	/System/Library/PrivateFrameworks/SkyLight.framework/Versions/A/SkyLight
0x00007fff24e75000 	/System/Library/Frameworks/CoreGraphics.framework/Versions/A/CoreGraphics
0x00007fff304d6000 	/System/Library/Frameworks/Accelerate.framework/Versions/A/Accelerate
0x00007fff2b396000 	/System/Library/PrivateFrameworks/IconServices.framework/Versions/A/IconServices
0x00007fff28550000 	/System/Library/Frameworks/IOSurface.framework/Versions/A/IOSurface
0x00007fff263bf000 	/usr/lib/libDiagnosticMessagesClient.dylib
0x00007fff28bf5000 	/System/Library/PrivateFrameworks/DFRFoundation.framework/Versions/A/DFRFoundation
0x00007fff2249a000 	/usr/lib/libicucore.A.dylib
0x00007fff2cea0000 	/System/Library/Frameworks/AudioToolbox.framework/Versions/A/AudioToolbox
0x00007fff2c145000 	/System/Library/PrivateFrameworks/DataDetectorsCore.framework/Versions/A/DataDetectorsCore
0x00007fff288f5000 	/System/Library/Frameworks/Carbon.framework/Versions/A/Frameworks/HIToolbox.framework/Versions/A/HIToolbox
0x00007fff26e3a000 	/System/Library/Frameworks/QuartzCore.framework/Versions/A/QuartzCore
0x00007fff2febb000 	/System/Library/Frameworks/Carbon.framework/Versions/A/Frameworks/SpeechRecognition.framework/Versions/A/SpeechRecognition
0x00007fff27147000 	/System/Library/PrivateFrameworks/CoreUI.framework/Versions/A/CoreUI
0x00007fff21aa3000 	/System/Library/Frameworks/CoreAudio.framework/Versions/A/CoreAudio
0x00007fff264aa000 	/System/Library/Frameworks/DiskArbitration.framework/Versions/A/DiskArbitration
0x00007fff2bd55000 	/System/Library/PrivateFrameworks/MultitouchSupport.framework/Versions/A/MultitouchSupport
0x00007fff2c13c000 	/System/Library/PrivateFrameworks/InternationalSupport.framework/Versions/A/InternationalSupport
0x00007fff24a82000 	/usr/lib/libenergytrace.dylib
0x00007fff22a68000 	/System/Library/Frameworks/IOKit.framework/Versions/A/IOKit
0x00007fff30208000 	/System/Library/Frameworks/CoreServices.framework/Versions/A/CoreServices
0x00007fff27375000 	/System/Library/PrivateFrameworks/PerformanceAnalysis.framework/Versions/A/PerformanceAnalysis
0x00007fff6cb7d000 	/System/Library/Frameworks/OpenGL.framework/Versions/A/OpenGL
0x00007fff2c1c1000 	/System/Library/PrivateFrameworks/UserActivity.framework/Versions/A/UserActivity
0x00007fff2552f000 	/System/Library/Frameworks/ColorSync.framework/Versions/A/ColorSync
0x00007fff28e79000 	/System/Library/Frameworks/CoreImage.framework/Versions/A/CoreImage
0x00007fff218ba000 	/System/Library/Frameworks/CoreText.framework/Versions/A/CoreText
0x00007fff28c37000 	/System/Library/Frameworks/ImageIO.framework/Versions/A/ImageIO
0x00007fff2a6c3000 	/System/Library/PrivateFrameworks/SoftLinking.framework/Versions/A/SoftLinking
0x00007fff2742b000 	/usr/lib/libxml2.2.dylib
0x00007fff2a935000 	/usr/lib/libcompression.dylib
0x00007fff24a83000 	/usr/lib/libMobileGestalt.dylib
0x00007fff2c06f000 	/System/Library/PrivateFrameworks/TextureIO.framework/Versions/A/TextureIO
0x00007fff2b023000 	/usr/lib/libate.dylib
0x00007fff2ad4e000 	/usr/lib/liblzma.5.dylib
0x00007fff20dcf000 	/System/Library/Frameworks/SystemConfiguration.framework/Versions/A/SystemConfiguration
0x00007fff2a6bf000 	/usr/lib/libfakelink.dylib
0x00007fff245d5000 	/System/Library/Frameworks/CFNetwork.framework/Versions/A/CFNetwork
0x00007fff2a7ff000 	/usr/lib/libarchive.2.dylib
0x00007fff20e4d000 	/usr/lib/libCRFSuite.dylib
0x00007fff29e8d000 	/usr/lib/libbsm.0.dylib
0x00007fff23f91000 	/usr/lib/libnetwork.dylib
0x00007fff2a6c4000 	/usr/lib/libpcap.A.dylib
0x00007fff26206000 	/usr/lib/libdns_services.dylib
0x00007fff2ad67000 	/usr/lib/libcoretls_cfhelpers.dylib
0x00007fff2a903000 	/usr/lib/libapple_nghttp2.dylib
0x00007fff2a657000 	/usr/lib/system/libkxld.dylib
0x00007fff25e74000 	/usr/lib/libsqlite3.dylib
0x00007fff2a3cb000 	/System/Library/PrivateFrameworks/AppleFSCompression.framework/Versions/A/AppleFSCompression
0x00007fff29e75000 	/usr/lib/libcoretls.dylib
0x00007fff2a930000 	/usr/lib/libpam.2.dylib
0x00007fff2ae64000 	/usr/lib/libxar.1.dylib
0x00007fff2925e000 	/System/Library/PrivateFrameworks/AppleSystemInfo.framework/Versions/A/AppleSystemInfo
0x00007fff29ab8000 	/System/Library/PrivateFrameworks/IOMobileFramebuffer.framework/Versions/A/IOMobileFramebuffer
0x00007fff2a3db000 	/usr/lib/libbz2.1.0.dylib
0x00007fff2a6fc000 	/usr/lib/libiconv.2.dylib
0x00007fff2a650000 	/usr/lib/libcharset.1.dylib
0x00007fff273b1000 	/System/Library/Frameworks/CoreServices.framework/Versions/A/Frameworks/FSEvents.framework/Versions/A/FSEvents
0x00007fff22706000 	/System/Library/Frameworks/CoreServices.framework/Versions/A/Frameworks/CarbonCore.framework/Versions/A/CarbonCore
0x00007fff2640f000 	/System/Library/Frameworks/CoreServices.framework/Versions/A/Frameworks/Metadata.framework/Versions/A/Metadata
0x00007fff2a3ee000 	/System/Library/Frameworks/CoreServices.framework/Versions/A/Frameworks/OSServices.framework/Versions/A/OSServices
0x00007fff2a871000 	/System/Library/Frameworks/CoreServices.framework/Versions/A/Frameworks/SearchKit.framework/Versions/A/SearchKit
0x00007fff26190000 	/System/Library/Frameworks/CoreServices.framework/Versions/A/Frameworks/AE.framework/Versions/A/AE
0x00007fff20875000 	/System/Library/Frameworks/CoreServices.framework/Versions/A/Frameworks/LaunchServices.framework/Versions/A/LaunchServices
0x00007fff2acff000 	/System/Library/Frameworks/CoreServices.framework/Versions/A/Frameworks/DictionaryServices.framework/Versions/A/DictionaryServices
0x00007fff273ba000 	/System/Library/Frameworks/CoreServices.framework/Versions/A/Frameworks/SharedFileList.framework/Versions/A/SharedFileList
0x00007fff29e69000 	/usr/lib/libCheckFix.dylib
0x00007fff24af6000 	/System/Library/PrivateFrameworks/TCC.framework/Versions/A/TCC
0x00007fff29264000 	/System/Library/PrivateFrameworks/CoreNLP.framework/Versions/A/CoreNLP
0x00007fff263c2000 	/System/Library/PrivateFrameworks/MetadataUtilities.framework/Versions/A/MetadataUtilities
0x00007fff20e83000 	/usr/lib/libmecabra.dylib
0x00007fff2a17d000 	/System/Library/Frameworks/MLCompute.framework/Versions/A/MLCompute
0x00007fff29e9e000 	/usr/lib/libmecab.dylib
0x00007fff29ee8000 	/usr/lib/libgermantok.dylib
0x00007fff2a8d9000 	/usr/lib/libThaiTokenizer.dylib
0x00007fff2ae9f000 	/usr/lib/libChineseTokenizer.dylib
0x00007fff2a92e000 	/System/Library/Frameworks/MetalPerformanceShaders.framework/Versions/A/MetalPerformanceShaders
0x00007fff264b1000 	/System/Library/Frameworks/Accelerate.framework/Versions/A/Frameworks/vImage.framework/Versions/A/vImage
0x00007fff301e1000 	/System/Library/Frameworks/Accelerate.framework/Versions/A/Frameworks/vecLib.framework/Versions/A/vecLib
0x00007fff2aeaa000 	/System/Library/Frameworks/Accelerate.framework/Versions/A/Frameworks/vecLib.framework/Versions/A/libvMisc.dylib
0x00007fff29914000 	/System/Library/Frameworks/Accelerate.framework/Versions/A/Frameworks/vecLib.framework/Versions/A/libvDSP.dylib
0x00007fff20b79000 	/System/Library/Frameworks/Accelerate.framework/Versions/A/Frameworks/vecLib.framework/Versions/A/libBLAS.dylib
0x00007fff2a954000 	/System/Library/Frameworks/Accelerate.framework/Versions/A/Frameworks/vecLib.framework/Versions/A/libLAPACK.dylib
0x00007fff29eee000 	/System/Library/Frameworks/Accelerate.framework/Versions/A/Frameworks/vecLib.framework/Versions/A/libLinearAlgebra.dylib
0x00007fff2a91b000 	/System/Library/Frameworks/Accelerate.framework/Versions/A/Frameworks/vecLib.framework/Versions/A/libSparseBLAS.dylib
0x00007fff2a94e000 	/System/Library/Frameworks/Accelerate.framework/Versions/A/Frameworks/vecLib.framework/Versions/A/libQuadrature.dylib
0x00007fff2930c000 	/System/Library/Frameworks/Accelerate.framework/Versions/A/Frameworks/vecLib.framework/Versions/A/libBNNS.dylib
0x00007fff20d60000 	/System/Library/Frameworks/Accelerate.framework/Versions/A/Frameworks/vecLib.framework/Versions/A/libSparse.dylib
0x00007fff291f7000 	/System/Library/Frameworks/MetalPerformanceShaders.framework/Versions/A/Frameworks/MPSCore.framework/Versions/A/MPSCore
0x00007fff2a33a000 	/System/Library/Frameworks/MetalPerformanceShaders.framework/Versions/A/Frameworks/MPSImage.framework/Versions/A/MPSImage
0x00007fff29f05000 	/System/Library/Frameworks/MetalPerformanceShaders.framework/Versions/A/Frameworks/MPSNeuralNetwork.framework/Versions/A/MPSNeuralNetwork
0x00007fff2a2c5000 	/System/Library/Frameworks/MetalPerformanceShaders.framework/Versions/A/Frameworks/MPSMatrix.framework/Versions/A/MPSMatrix
0x00007fff2a12d000 	/System/Library/Frameworks/MetalPerformanceShaders.framework/Versions/A/Frameworks/MPSRayIntersector.framework/Versions/A/MPSRayIntersector
0x00007fff2a2fc000 	/System/Library/Frameworks/MetalPerformanceShaders.framework/Versions/A/Frameworks/MPSNDArray.framework/Versions/A/MPSNDArray
0x00007fff20aa5000 	/System/Library/PrivateFrameworks/MetalTools.framework/Versions/A/MetalTools
0x00007fff2925c000 	/System/Library/PrivateFrameworks/AggregateDictionary.framework/Versions/A/AggregateDictionary
0x00007fff2639a000 	/System/Library/PrivateFrameworks/CoreAnalytics.framework/Versions/A/CoreAnalytics
0x00007fff2a8db000 	/System/Library/PrivateFrameworks/AppleSauce.framework/Versions/A/AppleSauce
0x00007fff28562000 	/System/Library/PrivateFrameworks/IOAccelerator.framework/Versions/A/IOAccelerator
0x00007fff6cb71000 	/System/Library/Frameworks/OpenGL.framework/Versions/A/Libraries/libCoreFSCache.dylib
0x00007fff2141f000 	/System/Library/PrivateFrameworks/LanguageModeling.framework/Versions/A/LanguageModeling
0x00007fff29aa5000 	/System/Library/PrivateFrameworks/CoreEmoji.framework/Versions/A/CoreEmoji
0x00007fff29305000 	/System/Library/PrivateFrameworks/LinguisticData.framework/Versions/A/LinguisticData
0x00007fff20d12000 	/System/Library/PrivateFrameworks/Lexicon.framework/Versions/A/Lexicon
0x00007fff2a7ed000 	/usr/lib/libcmph.dylib
0x00007fff27391000 	/System/Library/Frameworks/OpenDirectory.framework/Versions/A/Frameworks/CFOpenDirectory.framework/Versions/A/CFOpenDirectory
0x00007fff27381000 	/System/Library/Frameworks/OpenDirectory.framework/Versions/A/OpenDirectory
0x00007fff2ad69000 	/System/Library/PrivateFrameworks/APFS.framework/Versions/A/APFS
0x00007fff29dca000 	/System/Library/Frameworks/SecurityFoundation.framework/Versions/A/SecurityFoundation
0x00007fff2ae72000 	/usr/lib/libutil.dylib
0x00007fff22a2d000 	/System/Library/PrivateFrameworks/CoreServicesStore.framework/Versions/A/CoreServicesStore
0x00007fff29e61000 	/System/Library/Frameworks/ServiceManagement.framework/Versions/A/ServiceManagement
0x00007fff2ae76000 	/usr/lib/libxslt.1.dylib
0x00007fff29e57000 	/System/Library/PrivateFrameworks/BackgroundTaskManagement.framework/Versions/A/BackgroundTaskManagement
0x00007fff2bfba000 	/System/Library/Frameworks/ImageIO.framework/Versions/A/Resources/libRadiance.dylib
0x00007fff2bfc3000 	/System/Library/Frameworks/ImageIO.framework/Versions/A/Resources/libJPEG.dylib
0x00007fff2bf0f000 	/System/Library/Frameworks/ImageIO.framework/Versions/A/Resources/libPng.dylib
0x00007fff2bf36000 	/System/Library/Frameworks/ImageIO.framework/Versions/A/Resources/libTIFF.dylib
0x00007fff2c018000 	/System/Library/Frameworks/ImageIO.framework/Versions/A/Resources/libGIF.dylib
0x00007fff2bc73000 	/System/Library/Frameworks/ImageIO.framework/Versions/A/Resources/libJP2.dylib
0x00007fff2b35d000 	/usr/lib/libexpat.1.dylib
0x00007fff2bc28000 	/System/Library/PrivateFrameworks/AppleJPEG.framework/Versions/A/AppleJPEG
0x00007fff28798000 	/System/Library/PrivateFrameworks/FontServices.framework/libFontParser.dylib
0x00007fff26144000 	/System/Library/PrivateFrameworks/RunningBoardServices.framework/Versions/A/RunningBoardServices
0x00007fff2bd51000 	/System/Library/PrivateFrameworks/WatchdogClient.framework/Versions/A/WatchdogClient
0x00007fff2150c000 	/System/Library/Frameworks/CoreDisplay.framework/Versions/A/CoreDisplay
0x00007fff286ae000 	/System/Library/Frameworks/CoreMedia.framework/Versions/A/CoreMedia
0x00007fff2750e000 	/System/Library/Frameworks/CoreVideo.framework/Versions/A/CoreVideo
0x00007fff2bd89000 	/System/Library/Frameworks/VideoToolbox.framework/Versions/A/VideoToolbox
0x00007fff260c2000 	/System/Library/PrivateFrameworks/BaseBoard.framework/Versions/A/BaseBoard
0x00007fff2b4a2000 	/System/Library/PrivateFrameworks/PersistentConnection.framework/Versions/A/PersistentConnection
0x00007fff25e5d000 	/System/Library/PrivateFrameworks/ProtocolBuffer.framework/Versions/A/ProtocolBuffer
0x00007fff260a9000 	/System/Library/PrivateFrameworks/CommonUtilities.framework/Versions/A/CommonUtilities
0x00007fff2bbbd000 	/System/Library/PrivateFrameworks/Bom.framework/Versions/A/Bom
0x00007fff2bfb3000 	/System/Library/PrivateFrameworks/GPUWrangler.framework/Versions/A/GPUWrangler
0x00007fff2bf96000 	/System/Library/PrivateFrameworks/IOPresentment.framework/Versions/A/IOPresentment
0x00007fff2bfbd000 	/System/Library/PrivateFrameworks/DSExternalDisplay.framework/Versions/A/DSExternalDisplay
0x00007fff2c01d000 	/System/Library/PrivateFrameworks/CMCaptureCore.framework/Versions/A/CMCaptureCore
0x00007fff2b942000 	/System/Library/PrivateFrameworks/AppServerSupport.framework/Versions/A/AppServerSupport
0x00007fff2d9f1000 	/System/Library/PrivateFrameworks/perfdata.framework/Versions/A/perfdata
0x00007fff29db9000 	/System/Library/PrivateFrameworks/AssertionServices.framework/Versions/A/AssertionServices
0x00007fff21643000 	/System/Library/PrivateFrameworks/AudioToolboxCore.framework/Versions/A/AudioToolboxCore
0x00007fff28691000 	/System/Library/PrivateFrameworks/caulk.framework/Versions/A/caulk
0x00007fff3d69c000 	/System/Library/PrivateFrameworks/SystemPolicy.framework/Versions/A/SystemPolicy
0x00007fff2b152000 	/usr/lib/libIOReport.dylib
0x00007fff2d213000 	/usr/lib/libSMC.dylib
0x00007fff2bedc000 	/usr/lib/libAudioToolboxUtility.dylib
0x00007fff3e006000 	/usr/lib/libmis.dylib
0x00007fff6cbcd000 	/System/Library/Frameworks/OpenGL.framework/Versions/A/Libraries/libGLU.dylib
0x00007fff6cb90000 	/System/Library/Frameworks/OpenGL.framework/Versions/A/Libraries/libGFXShared.dylib
0x00007fff6cd9f000 	/System/Library/Frameworks/OpenGL.framework/Versions/A/Libraries/libGL.dylib
0x00007fff6cb99000 	/System/Library/Frameworks/OpenGL.framework/Versions/A/Libraries/libGLImage.dylib
0x00007fff6cb8d000 	/System/Library/Frameworks/OpenGL.framework/Versions/A/Libraries/libCVMSPluginSupport.dylib
0x00007fff6cb78000 	/System/Library/Frameworks/OpenGL.framework/Versions/A/Libraries/libCoreVMClient.dylib
0x00007fff6e1e0000 	/System/Library/Frameworks/OpenCL.framework/Versions/A/OpenCL
0x00007fff2b4cc000 	/System/Library/PrivateFrameworks/GraphVisualizer.framework/Versions/A/GraphVisualizer
0x00007fff2b4db000 	/System/Library/PrivateFrameworks/FaceCore.framework/Versions/A/FaceCore
0x00007fff2b8f7000 	/System/Library/PrivateFrameworks/OTSVG.framework/Versions/A/OTSVG
0x00007fff27105000 	/System/Library/Frameworks/ApplicationServices.framework/Versions/A/Frameworks/ATS.framework/Versions/A/Resources/libFontRegistry.dylib
0x00007fff2b949000 	/System/Library/PrivateFrameworks/FontServices.framework/libhvf.dylib
0x00007fff2b309000 	/System/Library/PrivateFrameworks/AppleVA.framework/Versions/A/AppleVA
0x00007fff2d05c000 	/System/Library/Frameworks/ApplicationServices.framework/Versions/A/Frameworks/ATS.framework/Versions/A/ATS
0x00007fff2d36e000 	/System/Library/Frameworks/ApplicationServices.framework/Versions/A/Frameworks/ColorSyncLegacy.framework/Versions/A/ColorSyncLegacy
0x00007fff25626000 	/System/Library/Frameworks/ApplicationServices.framework/Versions/A/Frameworks/HIServices.framework/Versions/A/HIServices
0x00007fff2d353000 	/System/Library/Frameworks/ApplicationServices.framework/Versions/A/Frameworks/LangAnalysis.framework/Versions/A/LangAnalysis
0x00007fff2c027000 	/System/Library/Frameworks/ApplicationServices.framework/Versions/A/Frameworks/PrintCore.framework/Versions/A/PrintCore
0x00007fff2d376000 	/System/Library/Frameworks/ApplicationServices.framework/Versions/A/Frameworks/QD.framework/Versions/A/QD
0x00007fff2d04c000 	/System/Library/Frameworks/ApplicationServices.framework/Versions/A/Frameworks/SpeechSynthesis.framework/Versions/A/SpeechSynthesis
0x00007fff2bfe8000 	/System/Library/Frameworks/ApplicationServices.framework/Versions/A/Frameworks/ATSUI.framework/Versions/A/ATSUI
0x00007fff2d2f3000 	/usr/lib/libcups.2.dylib
0x00007fff2d363000 	/System/Library/PrivateFrameworks/NetAuth.framework/Versions/A/NetAuth
0x00007fff2da0d000 	/System/Library/Frameworks/Kerberos.framework/Versions/A/Kerberos
0x00007fff2da1d000 	/System/Library/Frameworks/GSS.framework/Versions/A/GSS
0x00007fff2d0c8000 	/usr/lib/libresolv.9.dylib
0x00007fff2b95e000 	/System/Library/PrivateFrameworks/Heimdal.framework/Versions/A/Heimdal
0x00007fff337a1000 	/System/Library/Frameworks/Kerberos.framework/Versions/A/Libraries/libHeimdalProxy.dylib
0x00007fff26215000 	/System/Library/Frameworks/Network.framework/Versions/A/Network
0x00007fff2b377000 	/usr/lib/libheimdal-asn1.dylib
0x00007fff2da6d000 	/System/Library/PrivateFrameworks/CommonAuth.framework/Versions/A/CommonAuth
0x00007fff2755b000 	/System/Library/PrivateFrameworks/login.framework/Versions/A/Frameworks/loginsupport.framework/Versions/A/loginsupport
0x00007fff2cfd1000 	/System/Library/PrivateFrameworks/AudioSession.framework/Versions/A/AudioSession
0x00007fff2d039000 	/usr/lib/libAudioStatistics.dylib
0x00007fff2b404000 	/System/Library/PrivateFrameworks/MediaExperience.framework/Versions/A/MediaExperience
0x00007fff2ce6e000 	/System/Library/PrivateFrameworks/AudioSession.framework/libSessionUtility.dylib
0x00007fff2d9fe000 	/usr/lib/libperfcheck.dylib
0x00007fff2d382000 	/System/Library/PrivateFrameworks/AudioResourceArbitration.framework/Versions/A/AudioResourceArbitration
0x00007fff2b381000 	/System/Library/PrivateFrameworks/IconFoundation.framework/Versions/A/IconFoundation
0x00007fff2feab000 	/System/Library/PrivateFrameworks/SpeechRecognitionCore.framework/Versions/A/SpeechRecognitionCore
0x00007fff5dfa7000 	/System/Library/CoreServices/Encodings/libKoreanConverter.dylib
0x0000000110800000 	/Library/Java/JavaVirtualMachines/jdk-15.0.2.jdk/Contents/Home/lib/server/libjvm.dylib
0x000000010c34d000 	/Library/Java/JavaVirtualMachines/jdk-15.0.2.jdk/Contents/Home/lib/libjimage.dylib
0x000000010c367000 	/Library/Java/JavaVirtualMachines/jdk-15.0.2.jdk/Contents/Home/lib/libjdwp.dylib
0x000000010c415000 	/Library/Java/JavaVirtualMachines/jdk-15.0.2.jdk/Contents/Home/lib/libjava.dylib
0x000000010c478000 	/Library/Java/JavaVirtualMachines/jdk-15.0.2.jdk/Contents/Home/lib/libinstrument.dylib
0x000000013305a000 	/Library/Java/JavaVirtualMachines/jdk-15.0.2.jdk/Contents/Home/lib/libdt_socket.dylib
0x0000000133080000 	/Library/Java/JavaVirtualMachines/jdk-15.0.2.jdk/Contents/Home/lib/libzip.dylib
0x000000013309e000 	/Library/Java/JavaVirtualMachines/jdk-15.0.2.jdk/Contents/Home/lib/libnio.dylib
0x00000001330cc000 	/Library/Java/JavaVirtualMachines/jdk-15.0.2.jdk/Contents/Home/lib/libnet.dylib
0x0000000132fa5000 	/Library/Java/JavaVirtualMachines/jdk-15.0.2.jdk/Contents/Home/lib/libverify.dylib


VM Arguments:
jvm_args: -XX:+ShowCodeDetailsInExceptionMessages -agentlib:jdwp=transport=dt_socket,suspend=y,address=localhost:50479 -javaagent:/Users/joohyun/eclipse/java-2020-12/Eclipse.app/Contents/Eclipse/configuration/org.eclipse.osgi/213/0/.cp/lib/javaagent-shaded.jar -Dfile.encoding=UTF-8 
java_command: Ex02_Exception
java_class_path (initial): /Users/joohyun/eclipse-workspace/Ex07_ETC/bin
Launcher Type: SUN_STANDARD

[Global flags]
     intx CICompilerCount                          = 4                                         {product} {ergonomic}
     uint ConcGCThreads                            = 2                                         {product} {ergonomic}
     uint G1ConcRefinementThreads                  = 8                                         {product} {ergonomic}
   size_t G1HeapRegionSize                         = 1048576                                   {product} {ergonomic}
    uintx GCDrainStackTargetSize                   = 64                                        {product} {ergonomic}
   size_t InitialHeapSize                          = 134217728                                 {product} {ergonomic}
   size_t MarkStackSize                            = 4194304                                   {product} {ergonomic}
   size_t MaxHeapSize                              = 2147483648                                {product} {ergonomic}
   size_t MaxNewSize                               = 1287651328                                {product} {ergonomic}
   size_t MinHeapDeltaBytes                        = 1048576                                   {product} {ergonomic}
   size_t MinHeapSize                              = 8388608                                   {product} {ergonomic}
    uintx NonNMethodCodeHeapSize                   = 5839372                                {pd product} {ergonomic}
    uintx NonProfiledCodeHeapSize                  = 122909434                              {pd product} {ergonomic}
    uintx ProfiledCodeHeapSize                     = 122909434                              {pd product} {ergonomic}
    uintx ReservedCodeCacheSize                    = 251658240                              {pd product} {ergonomic}
     bool SegmentedCodeCache                       = true                                      {product} {ergonomic}
     bool ShowCodeDetailsInExceptionMessages       = true                                   {manageable} {command line}
   size_t SoftMaxHeapSize                          = 2147483648                             {manageable} {ergonomic}
     bool UseCompressedClassPointers               = true                                 {lp64_product} {ergonomic}
     bool UseCompressedOops                        = true                                 {lp64_product} {ergonomic}
     bool UseG1GC                                  = true                                      {product} {ergonomic}
     bool UseNUMA                                  = false                                     {product} {ergonomic}
     bool UseNUMAInterleaving                      = false                                     {product} {ergonomic}

Logging:
Log output configuration:
 #0: stdout all=warning uptime,level,tags
 #1: stderr all=off uptime,level,tags

Environment Variables:
PATH=/usr/bin:/bin:/usr/sbin:/sbin
SHELL=/bin/zsh

Signal Handlers:
SIGSEGV: [libjvm.dylib+0x9ff2f0], sa_mask[0]=11111111111111111111111111111111, sa_flags=SA_ONSTACK|SA_RESTART|SA_SIGINFO
SIGBUS: [libjvm.dylib+0x9ff2f0], sa_mask[0]=11111111111111111111111111111111, sa_flags=SA_RESTART|SA_SIGINFO
SIGFPE: [libjvm.dylib+0x9ff2f0], sa_mask[0]=11111111111111111111111111111111, sa_flags=SA_RESTART|SA_SIGINFO
SIGPIPE: [libjvm.dylib+0x82ae30], sa_mask[0]=11111111111111111111111111111111, sa_flags=SA_RESTART|SA_SIGINFO
SIGXFSZ: [libjvm.dylib+0x82ae30], sa_mask[0]=11111111111111111111111111111111, sa_flags=SA_RESTART|SA_SIGINFO
SIGILL: [libjvm.dylib+0x9ff2f0], sa_mask[0]=11111111111111111111111111111111, sa_flags=SA_RESTART|SA_SIGINFO
SIGUSR2: [libjvm.dylib+0x82b940], sa_mask[0]=00100000000000000000000000000000, sa_flags=SA_RESTART|SA_SIGINFO
SIGHUP: [libjvm.dylib+0x82a040], sa_mask[0]=11111111111111111111111111111111, sa_flags=SA_RESTART|SA_SIGINFO
SIGINT: [libjvm.dylib+0x82a040], sa_mask[0]=11111111111111111111111111111111, sa_flags=SA_RESTART|SA_SIGINFO
SIGTERM: [libjvm.dylib+0x82a040], sa_mask[0]=11111111111111111111111111111111, sa_flags=SA_RESTART|SA_SIGINFO
SIGQUIT: [libjvm.dylib+0x82a040], sa_mask[0]=11111111111111111111111111111111, sa_flags=SA_RESTART|SA_SIGINFO


---------------  S Y S T E M  ---------------

OS:uname: Darwin 20.3.0 Darwin Kernel Version 20.3.0: Thu Jan 21 00:06:51 PST 2021; root:xnu-7195.81.3~1/RELEASE_ARM64_T8101 x86_64
OS uptime: 0 days 13:36 hours
rlimit (soft/hard): STACK 8176k/65520k , CORE 0k/infinity , NPROC 1333/2000 , NOFILE 10240/infinity , AS infinity/infinity , CPU infinity/infinity , DATA infinity/infinity , FSIZE infinity/infinity , MEMLOCK infinity/infinity , RSS infinity/infinity
load average: 1.23 1.26 1.33

CPU: total 8 (initial active 8) (1 cores per cpu, 1 threads per core) family 6 model 44 stepping 0 microcode 0x0, cmov, cx8, fxsr, mmx, sse, sse2, sse3, ssse3, sse4.1, sse4.2, popcnt, aes, clmul, tsc, tscinvbit, tscinv, clflush

Memory: 4k page, physical 8388608k(16220k free), swap 2097152k(1567744k free)

vm_info: Java HotSpot(TM) 64-Bit Server VM (15.0.2+7-27) for bsd-amd64 JRE (15.0.2+7-27), built on Dec  7 2020 20:08:32 by "mach5one" with clang 4.2.1 Compatible Apple LLVM 10.0.0 (clang-1000.11.45.5)

END.
